Removed Pin From Net: NetName=GND Pin=U6-39
Change Component DesignItemId : Designator=D2 Old DesignItemId=0603 ÂÌµÆ New DesignItemId=0603 ??
Change Component DesignItemId : Designator=R5 Old DesignItemId=0603 1K¦¸ (1001) 1% New DesignItemId=0603 1KO (1001) 1%
Change Component DesignItemId : Designator=R4 Old DesignItemId=0603 2.2K¦¸ (2201) 1% New DesignItemId=0603 2.2KO (2201) 1%
Change Component DesignItemId : Designator=R6 Old DesignItemId=0603 2.2K¦¸ (2201) 1% New DesignItemId=0603 2.2KO (2201) 1%
Change Component DesignItemId : Designator=R21 Old DesignItemId=0603 4.7K¦¸ (4701) 1% New DesignItemId=0603 4.7KO (4701) 1%
Change Component DesignItemId : Designator=R22 Old DesignItemId=0603 4.7K¦¸ (4701) 1% New DesignItemId=0603 4.7KO (4701) 1%
Change Component DesignItemId : Designator=R1 Old DesignItemId=0603 10K¦¸ (1002) 1% New DesignItemId=0603 10KO (1002) 1%
Change Component DesignItemId : Designator=R3 Old DesignItemId=0603 10K¦¸ (1002) 1% New DesignItemId=0603 10KO (1002) 1%
Change Component DesignItemId : Designator=R7 Old DesignItemId=0603 10K¦¸ (1002) 1% New DesignItemId=0603 10KO (1002) 1%
Change Component DesignItemId : Designator=R8 Old DesignItemId=0603 10K¦¸ (1002) 1% New DesignItemId=0603 10KO (1002) 1%
Change Component DesignItemId : Designator=R9 Old DesignItemId=0603 10K¦¸ (1002) 1% New DesignItemId=0603 10KO (1002) 1%
Change Component DesignItemId : Designator=R11 Old DesignItemId=0603 10K¦¸ (1002) 1% New DesignItemId=0603 10KO (1002) 1%
Change Component DesignItemId : Designator=R12 Old DesignItemId=0603 10K¦¸ (1002) 1% New DesignItemId=0603 10KO (1002) 1%
Change Component DesignItemId : Designator=R13 Old DesignItemId=0603 10K¦¸ (1002) 1% New DesignItemId=0603 10KO (1002) 1%
Change Component DesignItemId : Designator=R14 Old DesignItemId=0603 10K¦¸ (1002) 1% New DesignItemId=0603 10KO (1002) 1%
Change Component DesignItemId : Designator=R15 Old DesignItemId=0603 10K¦¸ (1002) 1% New DesignItemId=0603 10KO (1002) 1%
Change Component DesignItemId : Designator=R16 Old DesignItemId=0603 10K¦¸ (1002) 1% New DesignItemId=0603 10KO (1002) 1%
Change Component DesignItemId : Designator=R23 Old DesignItemId=0603 10K¦¸ (1002) 1% New DesignItemId=0603 10KO (1002) 1%
Change Component DesignItemId : Designator=R24 Old DesignItemId=0603 20¦¸ (20R0) 1% New DesignItemId=0603 20O (20R0) 1%
Change Component DesignItemId : Designator=R19 Old DesignItemId=0603 100K¦¸ (1003) 1% New DesignItemId=0603 100KO (1003) 1%
Change Component Description : Designator=D2 Old Description=·¢¹â¶þ¼«¹Ü New Description=?????
Change Component Description : Designator=C1 Old Description=ÌùÆ¬µçÈÝ New Description=????
Change Component Description : Designator=C2 Old Description=ÌùÆ¬µçÈÝ New Description=????
Change Component Description : Designator=C3 Old Description=ÌùÆ¬µçÈÝ New Description=????
Change Component Description : Designator=C4 Old Description=ÌùÆ¬µçÈÝ New Description=????
Change Component Description : Designator=C5 Old Description=ÌùÆ¬µçÈÝ New Description=????
Change Component Description : Designator=C6 Old Description=ÌùÆ¬µçÈÝ New Description=????
Change Component Description : Designator=C7 Old Description=ÌùÆ¬µçÈÝ New Description=????
Change Component Description : Designator=C8 Old Description=ÌùÆ¬µçÈÝ New Description=????
Change Component Description : Designator=C9 Old Description=ÌùÆ¬µçÈÝ New Description=????
Change Component Description : Designator=C10 Old Description=ÌùÆ¬µçÈÝ New Description=????
Change Component Description : Designator=C11 Old Description=ÌùÆ¬µçÈÝ New Description=????
Change Component Description : Designator=C12 Old Description=ÌùÆ¬µçÈÝ New Description=????
Change Component Description : Designator=C13 Old Description=ÌùÆ¬µçÈÝ New Description=????
Change Component Description : Designator=C14 Old Description=ÌùÆ¬µçÈÝ New Description=????
Change Component Description : Designator=C15 Old Description=ÌùÆ¬µçÈÝ New Description=????
Change Component Description : Designator=R1 Old Description=ÌùÆ¬µç×è New Description=????
Change Component Description : Designator=R3 Old Description=ÌùÆ¬µç×è New Description=????
Change Component Description : Designator=R4 Old Description=ÌùÆ¬µç×è New Description=????
Change Component Description : Designator=R5 Old Description=ÌùÆ¬µç×è New Description=????
Change Component Description : Designator=R6 Old Description=ÌùÆ¬µç×è New Description=????
Change Component Description : Designator=R7 Old Description=ÌùÆ¬µç×è New Description=????
Change Component Description : Designator=R8 Old Description=ÌùÆ¬µç×è New Description=????
Change Component Description : Designator=R9 Old Description=ÌùÆ¬µç×è New Description=????
Change Component Description : Designator=R11 Old Description=ÌùÆ¬µç×è New Description=????
Change Component Description : Designator=R12 Old Description=ÌùÆ¬µç×è New Description=????
Change Component Description : Designator=R13 Old Description=ÌùÆ¬µç×è New Description=????
Change Component Description : Designator=R14 Old Description=ÌùÆ¬µç×è New Description=????
Change Component Description : Designator=R15 Old Description=ÌùÆ¬µç×è New Description=????
Change Component Description : Designator=R16 Old Description=ÌùÆ¬µç×è New Description=????
Change Component Description : Designator=R19 Old Description=ÌùÆ¬µç×è New Description=????
Change Component Description : Designator=R21 Old Description=ÌùÆ¬µç×è New Description=????
Change Component Description : Designator=R22 Old Description=ÌùÆ¬µç×è New Description=????
Change Component Description : Designator=R23 Old Description=ÌùÆ¬µç×è New Description=????
Change Component Description : Designator=R24 Old Description=ÌùÆ¬µç×è New Description=????
Change component parameters: Designator = "C1" ("C1"); Footprint = "0603_C"; UniqueID = "\BOXEZEHX" ("\BOXEZEHX")
Change component parameters (AddParameter): Name = "ComponentLink1Description"; Value = "?????"; VariantName = "[No Variations]"
Change component parameters (AddParameter): Name = "ComponentLink1URL"; Value = "http://www.szlcsc.com/product/details_20375.html"; VariantName = "[No Variations]"
Change component parameters (AddParameter): Name = "Notepad"; Value = ""; VariantName = "[No Variations]"
Change component parameters (AddParameter): Name = "Package"; Value = "0603"; VariantName = "[No Variations]"
Change component parameters (AddParameter): Name = "Supplier"; Value = "LC"; VariantName = "[No Variations]"
Change component parameters (AddParameter): Name = "SuppliersPartNumber"; Value = "C19666"; VariantName = "[No Variations]"
Change component parameters: Designator = "C2" ("C2"); Footprint = "0603_C"; UniqueID = "\MAABGUGT" ("\MAABGUGT")
Change component parameters (AddParameter): Name = "ComponentLink1Description"; Value = "?????"; VariantName = "[No Variations]"
Change component parameters (AddParameter): Name = "ComponentLink1URL"; Value = "http://www.szlcsc.com/product/details_15331.html"; VariantName = "[No Variations]"
Change component parameters (AddParameter): Name = "Notepad"; Value = ""; VariantName = "[No Variations]"
Change component parameters (AddParameter): Name = "Package"; Value = "0603"; VariantName = "[No Variations]"
Change component parameters (AddParameter): Name = "Supplier"; Value = "LC"; VariantName = "[No Variations]"
Change component parameters (AddParameter): Name = "SuppliersPartNumber"; Value = "C14663"; VariantName = "[No Variations]"
Change component parameters: Designator = "C3" ("C3"); Footprint = "0603_C"; UniqueID = "\OMSSOCHD" ("\OMSSOCHD")
Change component parameters (AddParameter): Name = "ComponentLink1Description"; Value = "?????"; VariantName = "[No Variations]"
Change component parameters (AddParameter): Name = "ComponentLink1URL"; Value = "http://www.szlcsc.com/product/details_20375.html"; VariantName = "[No Variations]"
Change component parameters (AddParameter): Name = "Notepad"; Value = ""; VariantName = "[No Variations]"
Change component parameters (AddParameter): Name = "Package"; Value = "0603"; VariantName = "[No Variations]"
Change component parameters (AddParameter): Name = "Supplier"; Value = "LC"; VariantName = "[No Variations]"
Change component parameters (AddParameter): Name = "SuppliersPartNumber"; Value = "C19666"; VariantName = "[No Variations]"
Change component parameters: Designator = "C4" ("C4"); Footprint = "0603_C"; UniqueID = "\VOKGSJKO" ("\VOKGSJKO")
Change component parameters (AddParameter): Name = "ComponentLink1Description"; Value = "?????"; VariantName = "[No Variations]"
Change component parameters (AddParameter): Name = "ComponentLink1URL"; Value = "http://www.szlcsc.com/product/details_20411.html"; VariantName = "[No Variations]"
Change component parameters (AddParameter): Name = "Notepad"; Value = ""; VariantName = "[No Variations]"
Change component parameters (AddParameter): Name = "Package"; Value = "0603"; VariantName = "[No Variations]"
Change component parameters (AddParameter): Name = "Supplier"; Value = "LC"; VariantName = "[No Variations]"
Change component parameters (AddParameter): Name = "SuppliersPartNumber"; Value = "C19702"; VariantName = "[No Variations]"
Change component parameters: Designator = "C5" ("C5"); Footprint = "0603_C"; UniqueID = "\KEVGMMSI" ("\KEVGMMSI")
Change component parameters (AddParameter): Name = "ComponentLink1Description"; Value = "?????"; VariantName = "[No Variations]"
Change component parameters (AddParameter): Name = "ComponentLink1URL"; Value = "http://www.szlcsc.com/product/details_15331.html"; VariantName = "[No Variations]"
Change component parameters (AddParameter): Name = "Notepad"; Value = ""; VariantName = "[No Variations]"
Change component parameters (AddParameter): Name = "Package"; Value = "0603"; VariantName = "[No Variations]"
Change component parameters (AddParameter): Name = "Supplier"; Value = "LC"; VariantName = "[No Variations]"
Change component parameters (AddParameter): Name = "SuppliersPartNumber"; Value = "C14663"; VariantName = "[No Variations]"
Change component parameters: Designator = "C6" ("C6"); Footprint = "0603_C"; UniqueID = "\GWSLRNDY" ("\GWSLRNDY")
Change component parameters (AddParameter): Name = "ComponentLink1Description"; Value = "?????"; VariantName = "[No Variations]"
Change component parameters (AddParameter): Name = "ComponentLink1URL"; Value = "http://www.szlcsc.com/product/details_58143.html"; VariantName = "[No Variations]"
Change component parameters (AddParameter): Name = "Notepad"; Value = ""; VariantName = "[No Variations]"
Change component parameters (AddParameter): Name = "Package"; Value = "0603"; VariantName = "[No Variations]"
Change component parameters (AddParameter): Name = "Supplier"; Value = "LC"; VariantName = "[No Variations]"
Change component parameters (AddParameter): Name = "SuppliersPartNumber"; Value = "C57112"; VariantName = "[No Variations]"
Change component parameters: Designator = "C7" ("C7"); Footprint = "0603_C"; UniqueID = "\JRSVTWHW" ("\JRSVTWHW")
Change component parameters (AddParameter): Name = "ComponentLink1Description"; Value = "?????"; VariantName = "[No Variations]"
Change component parameters (AddParameter): Name = "ComponentLink1URL"; Value = "http://www.szlcsc.com/product/details_15331.html"; VariantName = "[No Variations]"
Change component parameters (AddParameter): Name = "Notepad"; Value = ""; VariantName = "[No Variations]"
Change component parameters (AddParameter): Name = "Package"; Value = "0603"; VariantName = "[No Variations]"
Change component parameters (AddParameter): Name = "Supplier"; Value = "LC"; VariantName = "[No Variations]"
Change component parameters (AddParameter): Name = "SuppliersPartNumber"; Value = "C14663"; VariantName = "[No Variations]"
Change component parameters: Designator = "C8" ("C8"); Footprint = "0603_C"; UniqueID = "\SZWRMIDK" ("\SZWRMIDK")
Change component parameters (AddParameter): Name = "ComponentLink1Description"; Value = "?????"; VariantName = "[No Variations]"
Change component parameters (AddParameter): Name = "ComponentLink1URL"; Value = "http://www.szlcsc.com/product/details_16531.html"; VariantName = "[No Variations]"
Change component parameters (AddParameter): Name = "Notepad"; Value = ""; VariantName = "[No Variations]"
Change component parameters (AddParameter): Name = "Package"; Value = "0603"; VariantName = "[No Variations]"
Change component parameters (AddParameter): Name = "Supplier"; Value = "LC"; VariantName = "[No Variations]"
Change component parameters (AddParameter): Name = "SuppliersPartNumber"; Value = "C15849"; VariantName = "[No Variations]"
Change component parameters: Designator = "C9" ("C9"); Footprint = "0603_C"; UniqueID = "\MQWAKJEZ" ("\MQWAKJEZ")
Change component parameters (AddParameter): Name = "ComponentLink1Description"; Value = "?????"; VariantName = "[No Variations]"
Change component parameters (AddParameter): Name = "ComponentLink1URL"; Value = "http://www.szlcsc.com/product/details_15331.html"; VariantName = "[No Variations]"
Change component parameters (AddParameter): Name = "Notepad"; Value = ""; VariantName = "[No Variations]"
Change component parameters (AddParameter): Name = "Package"; Value = "0603"; VariantName = "[No Variations]"
Change component parameters (AddParameter): Name = "Supplier"; Value = "LC"; VariantName = "[No Variations]"
Change component parameters (AddParameter): Name = "SuppliersPartNumber"; Value = "C14663"; VariantName = "[No Variations]"
Change component parameters: Designator = "C10" ("C10"); Footprint = "0603_C"; UniqueID = "\AGPJNNRB" ("\AGPJNNRB")
Change component parameters (AddParameter): Name = "ComponentLink1Description"; Value = "?????"; VariantName = "[No Variations]"
Change component parameters (AddParameter): Name = "ComponentLink1URL"; Value = "http://www.szlcsc.com/product/details_15331.html"; VariantName = "[No Variations]"
Change component parameters (AddParameter): Name = "Notepad"; Value = ""; VariantName = "[No Variations]"
Change component parameters (AddParameter): Name = "Package"; Value = "0603"; VariantName = "[No Variations]"
Change component parameters (AddParameter): Name = "Supplier"; Value = "LC"; VariantName = "[No Variations]"
Change component parameters (AddParameter): Name = "SuppliersPartNumber"; Value = "C14663"; VariantName = "[No Variations]"
Change component parameters: Designator = "C11" ("C11"); Footprint = "0603_C"; UniqueID = "\UFBUUTLO" ("\UFBUUTLO")
Change component parameters (AddParameter): Name = "ComponentLink1Description"; Value = "?????"; VariantName = "[No Variations]"
Change component parameters (AddParameter): Name = "ComponentLink1URL"; Value = "http://www.szlcsc.com/product/details_15331.html"; VariantName = "[No Variations]"
Change component parameters (AddParameter): Name = "Notepad"; Value = ""; VariantName = "[No Variations]"
Change component parameters (AddParameter): Name = "Package"; Value = "0603"; VariantName = "[No Variations]"
Change component parameters (AddParameter): Name = "Supplier"; Value = "LC"; VariantName = "[No Variations]"
Change component parameters (AddParameter): Name = "SuppliersPartNumber"; Value = "C14663"; VariantName = "[No Variations]"
Change component parameters: Designator = "C12" ("C12"); Footprint = "0603_C"; UniqueID = "\EFCKBTGE" ("\EFCKBTGE")
Change component parameters (AddParameter): Name = "ComponentLink1Description"; Value = "?????"; VariantName = "[No Variations]"
Change component parameters (AddParameter): Name = "ComponentLink1URL"; Value = "http://www.szlcsc.com/product/details_20411.html"; VariantName = "[No Variations]"
Change component parameters (AddParameter): Name = "Notepad"; Value = ""; VariantName = "[No Variations]"
Change component parameters (AddParameter): Name = "Package"; Value = "0603"; VariantName = "[No Variations]"
Change component parameters (AddParameter): Name = "Supplier"; Value = "LC"; VariantName = "[No Variations]"
Change component parameters (AddParameter): Name = "SuppliersPartNumber"; Value = "C19702"; VariantName = "[No Variations]"
Change component parameters: Designator = "C13" ("C13"); Footprint = "0603_C"; UniqueID = "\KVXTSXLP" ("\KVXTSXLP")
Change component parameters (AddParameter): Name = "ComponentLink1Description"; Value = "?????"; VariantName = "[No Variations]"
Change component parameters (AddParameter): Name = "ComponentLink1URL"; Value = "http://www.szlcsc.com/product/details_15331.html"; VariantName = "[No Variations]"
Change component parameters (AddParameter): Name = "Notepad"; Value = ""; VariantName = "[No Variations]"
Change component parameters (AddParameter): Name = "Package"; Value = "0603"; VariantName = "[No Variations]"
Change component parameters (AddParameter): Name = "Supplier"; Value = "LC"; VariantName = "[No Variations]"
Change component parameters (AddParameter): Name = "SuppliersPartNumber"; Value = "C14663"; VariantName = "[No Variations]"
Change component parameters: Designator = "C14" ("C14"); Footprint = "0603_C"; UniqueID = "\RKMNVCOL" ("\RKMNVCOL")
Change component parameters (AddParameter): Name = "ComponentLink1Description"; Value = "?????"; VariantName = "[No Variations]"
Change component parameters (AddParameter): Name = "ComponentLink1URL"; Value = "http://www.szlcsc.com/product/details_24366.html"; VariantName = "[No Variations]"
Change component parameters (AddParameter): Name = "Notepad"; Value = ""; VariantName = "[No Variations]"
Change component parameters (AddParameter): Name = "Package"; Value = "0603"; VariantName = "[No Variations]"
Change component parameters (AddParameter): Name = "Supplier"; Value = "LC"; VariantName = "[No Variations]"
Change component parameters (AddParameter): Name = "SuppliersPartNumber"; Value = "C23630"; VariantName = "[No Variations]"
Change component parameters: Designator = "C15" ("C15"); Footprint = "0603_C"; UniqueID = "\EJEMVLFY" ("\EJEMVLFY")
Change component parameters (AddParameter): Name = "ComponentLink1Description"; Value = "?????"; VariantName = "[No Variations]"
Change component parameters (AddParameter): Name = "ComponentLink1URL"; Value = "http://www.szlcsc.com/product/details_16531.html"; VariantName = "[No Variations]"
Change component parameters (AddParameter): Name = "Notepad"; Value = ""; VariantName = "[No Variations]"
Change component parameters (AddParameter): Name = "Package"; Value = "0603"; VariantName = "[No Variations]"
Change component parameters (AddParameter): Name = "Supplier"; Value = "LC"; VariantName = "[No Variations]"
Change component parameters (AddParameter): Name = "SuppliersPartNumber"; Value = "C15849"; VariantName = "[No Variations]"
Change component parameters: Designator = "D2" ("D2"); Footprint = "0603_LED_S1"; UniqueID = "\WFTZWWLV" ("\WFTZWWLV")
Change component parameters (AddParameter): Name = "ComponentLink1Description"; Value = "?????"; VariantName = "[No Variations]"
Change component parameters (AddParameter): Name = "ComponentLink1URL"; Value = "http://www.szlcsc.com/product/details_73152.html"; VariantName = "[No Variations]"
Change component parameters (AddParameter): Name = "Notepad"; Value = ""; VariantName = "[No Variations]"
Change component parameters (AddParameter): Name = "Package"; Value = "0603"; VariantName = "[No Variations]"
Change component parameters (AddParameter): Name = "Supplier"; Value = "LC"; VariantName = "[No Variations]"
Change component parameters (AddParameter): Name = "SuppliersPartNumber"; Value = "C72043"; VariantName = "[No Variations]"
Change component parameters: Designator = "R1" ("R1"); Footprint = "0603_R"; UniqueID = "\QPSCIGFS" ("\QPSCIGFS")
Change component parameters (AddParameter): Name = "ComponentLink1Description"; Value = "?????"; VariantName = "[No Variations]"
Change component parameters (AddParameter): Name = "ComponentLink1URL"; Value = "http://www.szlcsc.com/product/details_26547.html"; VariantName = "[No Variations]"
Change component parameters (AddParameter): Name = "Notepad"; Value = ""; VariantName = "[No Variations]"
Change component parameters (AddParameter): Name = "Package"; Value = "0603"; VariantName = "[No Variations]"
Change component parameters (AddParameter): Name = "Supplier"; Value = "LC"; VariantName = "[No Variations]"
Change component parameters (AddParameter): Name = "SuppliersPartNumber"; Value = "C25804"; VariantName = "[No Variations]"
Change component parameters: Designator = "R3" ("R3"); Footprint = "0603_R"; UniqueID = "\WRQWTIIO" ("\WRQWTIIO")
Change component parameters (AddParameter): Name = "ComponentLink1Description"; Value = "?????"; VariantName = "[No Variations]"
Change component parameters (AddParameter): Name = "ComponentLink1URL"; Value = "http://www.szlcsc.com/product/details_26547.html"; VariantName = "[No Variations]"
Change component parameters (AddParameter): Name = "Notepad"; Value = ""; VariantName = "[No Variations]"
Change component parameters (AddParameter): Name = "Package"; Value = "0603"; VariantName = "[No Variations]"
Change component parameters (AddParameter): Name = "Supplier"; Value = "LC"; VariantName = "[No Variations]"
Change component parameters (AddParameter): Name = "SuppliersPartNumber"; Value = "C25804"; VariantName = "[No Variations]"
Change component parameters: Designator = "R4" ("R4"); Footprint = "0603_R"; UniqueID = "\BYXZMPGZ" ("\BYXZMPGZ")
Change component parameters (AddParameter): Name = "ComponentLink1Description"; Value = "?????"; VariantName = "[No Variations]"
Change component parameters (AddParameter): Name = "ComponentLink1URL"; Value = "http://www.szlcsc.com/product/details_4597.html"; VariantName = "[No Variations]"
Change component parameters (AddParameter): Name = "Notepad"; Value = ""; VariantName = "[No Variations]"
Change component parameters (AddParameter): Name = "Package"; Value = "0603"; VariantName = "[No Variations]"
Change component parameters (AddParameter): Name = "Supplier"; Value = "LC"; VariantName = "[No Variations]"
Change component parameters (AddParameter): Name = "SuppliersPartNumber"; Value = "C4190"; VariantName = "[No Variations]"
Change component parameters: Designator = "R5" ("R5"); Footprint = "0603_R"; UniqueID = "\AVPMHABU" ("\AVPMHABU")
Change component parameters (AddParameter): Name = "ComponentLink1Description"; Value = "?????"; VariantName = "[No Variations]"
Change component parameters (AddParameter): Name = "ComponentLink1URL"; Value = "http://www.szlcsc.com/product/details_21904.html"; VariantName = "[No Variations]"
Change component parameters (AddParameter): Name = "Notepad"; Value = ""; VariantName = "[No Variations]"
Change component parameters (AddParameter): Name = "Package"; Value = "0603"; VariantName = "[No Variations]"
Change component parameters (AddParameter): Name = "Supplier"; Value = "LC"; VariantName = "[No Variations]"
Change component parameters (AddParameter): Name = "SuppliersPartNumber"; Value = "C21190"; VariantName = "[No Variations]"
Change component parameters: Designator = "R6" ("R6"); Footprint = "0603_R"; UniqueID = "\XXZMLMYV" ("\XXZMLMYV")
Change component parameters (AddParameter): Name = "ComponentLink1Description"; Value = "?????"; VariantName = "[No Variations]"
Change component parameters (AddParameter): Name = "ComponentLink1URL"; Value = "http://www.szlcsc.com/product/details_4597.html"; VariantName = "[No Variations]"
Change component parameters (AddParameter): Name = "Notepad"; Value = ""; VariantName = "[No Variations]"
Change component parameters (AddParameter): Name = "Package"; Value = "0603"; VariantName = "[No Variations]"
Change component parameters (AddParameter): Name = "Supplier"; Value = "LC"; VariantName = "[No Variations]"
Change component parameters (AddParameter): Name = "SuppliersPartNumber"; Value = "C4190"; VariantName = "[No Variations]"
Change component parameters: Designator = "R7" ("R7"); Footprint = "0603_R"; UniqueID = "\YZKSQDRH" ("\YZKSQDRH")
Change component parameters (AddParameter): Name = "ComponentLink1Description"; Value = "?????"; VariantName = "[No Variations]"
Change component parameters (AddParameter): Name = "ComponentLink1URL"; Value = "http://www.szlcsc.com/product/details_26547.html"; VariantName = "[No Variations]"
Change component parameters (AddParameter): Name = "Notepad"; Value = ""; VariantName = "[No Variations]"
Change component parameters (AddParameter): Name = "Package"; Value = "0603"; VariantName = "[No Variations]"
Change component parameters (AddParameter): Name = "Supplier"; Value = "LC"; VariantName = "[No Variations]"
Change component parameters (AddParameter): Name = "SuppliersPartNumber"; Value = "C25804"; VariantName = "[No Variations]"
Change component parameters: Designator = "R8" ("R8"); Footprint = "0603_R"; UniqueID = "\JCFBSWOC" ("\JCFBSWOC")
Change component parameters (AddParameter): Name = "ComponentLink1Description"; Value = "?????"; VariantName = "[No Variations]"
Change component parameters (AddParameter): Name = "ComponentLink1URL"; Value = "http://www.szlcsc.com/product/details_26547.html"; VariantName = "[No Variations]"
Change component parameters (AddParameter): Name = "Notepad"; Value = ""; VariantName = "[No Variations]"
Change component parameters (AddParameter): Name = "Package"; Value = "0603"; VariantName = "[No Variations]"
Change component parameters (AddParameter): Name = "Supplier"; Value = "LC"; VariantName = "[No Variations]"
Change component parameters (AddParameter): Name = "SuppliersPartNumber"; Value = "C25804"; VariantName = "[No Variations]"
Change component parameters: Designator = "R9" ("R9"); Footprint = "0603_R"; UniqueID = "\HSNWLIIR" ("\HSNWLIIR")
Change component parameters (AddParameter): Name = "ComponentLink1Description"; Value = "?????"; VariantName = "[No Variations]"
Change component parameters (AddParameter): Name = "ComponentLink1URL"; Value = "http://www.szlcsc.com/product/details_26547.html"; VariantName = "[No Variations]"
Change component parameters (AddParameter): Name = "Notepad"; Value = ""; VariantName = "[No Variations]"
Change component parameters (AddParameter): Name = "Package"; Value = "0603"; VariantName = "[No Variations]"
Change component parameters (AddParameter): Name = "Supplier"; Value = "LC"; VariantName = "[No Variations]"
Change component parameters (AddParameter): Name = "SuppliersPartNumber"; Value = "C25804"; VariantName = "[No Variations]"
Change component parameters: Designator = "R11" ("R11"); Footprint = "0603_R"; UniqueID = "\AJZZUPBT" ("\AJZZUPBT")
Change component parameters (AddParameter): Name = "ComponentLink1Description"; Value = "?????"; VariantName = "[No Variations]"
Change component parameters (AddParameter): Name = "ComponentLink1URL"; Value = "http://www.szlcsc.com/product/details_26547.html"; VariantName = "[No Variations]"
Change component parameters (AddParameter): Name = "Notepad"; Value = ""; VariantName = "[No Variations]"
Change component parameters (AddParameter): Name = "Package"; Value = "0603"; VariantName = "[No Variations]"
Change component parameters (AddParameter): Name = "Supplier"; Value = "LC"; VariantName = "[No Variations]"
Change component parameters (AddParameter): Name = "SuppliersPartNumber"; Value = "C25804"; VariantName = "[No Variations]"
Change component parameters: Designator = "R12" ("R12"); Footprint = "0603_R"; UniqueID = "\QZBRCMDO" ("\QZBRCMDO")
Change component parameters (AddParameter): Name = "ComponentLink1Description"; Value = "?????"; VariantName = "[No Variations]"
Change component parameters (AddParameter): Name = "ComponentLink1URL"; Value = "http://www.szlcsc.com/product/details_26547.html"; VariantName = "[No Variations]"
Change component parameters (AddParameter): Name = "Notepad"; Value = ""; VariantName = "[No Variations]"
Change component parameters (AddParameter): Name = "Package"; Value = "0603"; VariantName = "[No Variations]"
Change component parameters (AddParameter): Name = "Supplier"; Value = "LC"; VariantName = "[No Variations]"
Change component parameters (AddParameter): Name = "SuppliersPartNumber"; Value = "C25804"; VariantName = "[No Variations]"
Change component parameters: Designator = "R13" ("R13"); Footprint = "0603_R"; UniqueID = "\IPHNZVAW" ("\IPHNZVAW")
Change component parameters (AddParameter): Name = "ComponentLink1Description"; Value = "?????"; VariantName = "[No Variations]"
Change component parameters (AddParameter): Name = "ComponentLink1URL"; Value = "http://www.szlcsc.com/product/details_26547.html"; VariantName = "[No Variations]"
Change component parameters (AddParameter): Name = "Notepad"; Value = ""; VariantName = "[No Variations]"
Change component parameters (AddParameter): Name = "Package"; Value = "0603"; VariantName = "[No Variations]"
Change component parameters (AddParameter): Name = "Supplier"; Value = "LC"; VariantName = "[No Variations]"
Change component parameters (AddParameter): Name = "SuppliersPartNumber"; Value = "C25804"; VariantName = "[No Variations]"
Change component parameters: Designator = "R14" ("R14"); Footprint = "0603_R"; UniqueID = "\CAXHLHER" ("\CAXHLHER")
Change component parameters (AddParameter): Name = "ComponentLink1Description"; Value = "?????"; VariantName = "[No Variations]"
Change component parameters (AddParameter): Name = "ComponentLink1URL"; Value = "http://www.szlcsc.com/product/details_26547.html"; VariantName = "[No Variations]"
Change component parameters (AddParameter): Name = "Notepad"; Value = ""; VariantName = "[No Variations]"
Change component parameters (AddParameter): Name = "Package"; Value = "0603"; VariantName = "[No Variations]"
Change component parameters (AddParameter): Name = "Supplier"; Value = "LC"; VariantName = "[No Variations]"
Change component parameters (AddParameter): Name = "SuppliersPartNumber"; Value = "C25804"; VariantName = "[No Variations]"
Change component parameters: Designator = "R15" ("R15"); Footprint = "0603_R"; UniqueID = "\LPSNTWIL" ("\LPSNTWIL")
Change component parameters (AddParameter): Name = "ComponentLink1Description"; Value = "?????"; VariantName = "[No Variations]"
Change component parameters (AddParameter): Name = "ComponentLink1URL"; Value = "http://www.szlcsc.com/product/details_26547.html"; VariantName = "[No Variations]"
Change component parameters (AddParameter): Name = "Notepad"; Value = ""; VariantName = "[No Variations]"
Change component parameters (AddParameter): Name = "Package"; Value = "0603"; VariantName = "[No Variations]"
Change component parameters (AddParameter): Name = "Supplier"; Value = "LC"; VariantName = "[No Variations]"
Change component parameters (AddParameter): Name = "SuppliersPartNumber"; Value = "C25804"; VariantName = "[No Variations]"
Change component parameters: Designator = "R16" ("R16"); Footprint = "0603_R"; UniqueID = "\RJLULUEM" ("\RJLULUEM")
Change component parameters (AddParameter): Name = "ComponentLink1Description"; Value = "?????"; VariantName = "[No Variations]"
Change component parameters (AddParameter): Name = "ComponentLink1URL"; Value = "http://www.szlcsc.com/product/details_26547.html"; VariantName = "[No Variations]"
Change component parameters (AddParameter): Name = "Notepad"; Value = ""; VariantName = "[No Variations]"
Change component parameters (AddParameter): Name = "Package"; Value = "0603"; VariantName = "[No Variations]"
Change component parameters (AddParameter): Name = "Supplier"; Value = "LC"; VariantName = "[No Variations]"
Change component parameters (AddParameter): Name = "SuppliersPartNumber"; Value = "C25804"; VariantName = "[No Variations]"
Change component parameters: Designator = "R19" ("R19"); Footprint = "0603_R"; UniqueID = "\EXEBDZEH" ("\EXEBDZEH")
Change component parameters (AddParameter): Name = "ComponentLink1Description"; Value = "?????"; VariantName = "[No Variations]"
Change component parameters (AddParameter): Name = "ComponentLink1URL"; Value = "http://www.szlcsc.com/product/details_26546.html"; VariantName = "[No Variations]"
Change component parameters (AddParameter): Name = "Notepad"; Value = ""; VariantName = "[No Variations]"
Change component parameters (AddParameter): Name = "Package"; Value = "0603"; VariantName = "[No Variations]"
Change component parameters (AddParameter): Name = "Supplier"; Value = "LC"; VariantName = "[No Variations]"
Change component parameters (AddParameter): Name = "SuppliersPartNumber"; Value = "C25803"; VariantName = "[No Variations]"
Change component parameters: Designator = "R21" ("R21"); Footprint = "0603_R"; UniqueID = "\CXPQBKSU" ("\CXPQBKSU")
Change component parameters (AddParameter): Name = "ComponentLink1Description"; Value = "?????"; VariantName = "[No Variations]"
Change component parameters (AddParameter): Name = "ComponentLink1URL"; Value = "http://www.szlcsc.com/product/details_23889.html"; VariantName = "[No Variations]"
Change component parameters (AddParameter): Name = "Notepad"; Value = ""; VariantName = "[No Variations]"
Change component parameters (AddParameter): Name = "Package"; Value = "0603"; VariantName = "[No Variations]"
Change component parameters (AddParameter): Name = "Supplier"; Value = "LC"; VariantName = "[No Variations]"
Change component parameters (AddParameter): Name = "SuppliersPartNumber"; Value = "C23162"; VariantName = "[No Variations]"
Change component parameters: Designator = "R22" ("R22"); Footprint = "0603_R"; UniqueID = "\ANCSNTWN" ("\ANCSNTWN")
Change component parameters (AddParameter): Name = "ComponentLink1Description"; Value = "?????"; VariantName = "[No Variations]"
Change component parameters (AddParameter): Name = "ComponentLink1URL"; Value = "http://www.szlcsc.com/product/details_23889.html"; VariantName = "[No Variations]"
Change component parameters (AddParameter): Name = "Notepad"; Value = ""; VariantName = "[No Variations]"
Change component parameters (AddParameter): Name = "Package"; Value = "0603"; VariantName = "[No Variations]"
Change component parameters (AddParameter): Name = "Supplier"; Value = "LC"; VariantName = "[No Variations]"
Change component parameters (AddParameter): Name = "SuppliersPartNumber"; Value = "C23162"; VariantName = "[No Variations]"
Change component parameters: Designator = "R23" ("R23"); Footprint = "0603_R"; UniqueID = "\TTOAJCHU" ("\TTOAJCHU")
Change component parameters (AddParameter): Name = "ComponentLink1Description"; Value = "?????"; VariantName = "[No Variations]"
Change component parameters (AddParameter): Name = "ComponentLink1URL"; Value = "http://www.szlcsc.com/product/details_26547.html"; VariantName = "[No Variations]"
Change component parameters (AddParameter): Name = "Notepad"; Value = ""; VariantName = "[No Variations]"
Change component parameters (AddParameter): Name = "Package"; Value = "0603"; VariantName = "[No Variations]"
Change component parameters (AddParameter): Name = "Supplier"; Value = "LC"; VariantName = "[No Variations]"
Change component parameters (AddParameter): Name = "SuppliersPartNumber"; Value = "C25804"; VariantName = "[No Variations]"
Change component parameters: Designator = "R24" ("R24"); Footprint = "0603_R"; UniqueID = "\DVORIVSU" ("\DVORIVSU")
Change component parameters (AddParameter): Name = "ComponentLink1Description"; Value = "?????"; VariantName = "[No Variations]"
Change component parameters (AddParameter): Name = "ComponentLink1URL"; Value = "http://www.szlcsc.com/product/details_23677.html"; VariantName = "[No Variations]"
Change component parameters (AddParameter): Name = "Notepad"; Value = ""; VariantName = "[No Variations]"
Change component parameters (AddParameter): Name = "Package"; Value = "0603"; VariantName = "[No Variations]"
Change component parameters (AddParameter): Name = "Supplier"; Value = "LC"; VariantName = "[No Variations]"
Change component parameters (AddParameter): Name = "SuppliersPartNumber"; Value = "C22950"; VariantName = "[No Variations]"
Added Pin To Net: NetName=GND Pin=U6-9
